#
# A fatal error has been detected by the Java Runtime Environment:
#
#  EXCEPTION_ACCESS_VIOLATION (0xc0000005) at pc=0x0000000180005b00, pid=18284, tid=19044
#
# JRE version: Java(TM) SE Runtime Environment 18.9 (11.0.14+8) (build 11.0.14+8-LTS-263)
# Java VM: Java HotSpot(TM) 64-Bit Server VM 18.9 (11.0.14+8-LTS-263, mixed mode, tiered, compressed oops, g1 gc, windows-amd64)
# Problematic frame:
# C  [rxtxSerial.dll+0x5b00]
#
# No core dump will be written. Minidumps are not enabled by default on client versions of Windows
#
# If you would like to submit a bug report, please visit:
#   https://bugreport.java.com/bugreport/crash.jsp
# The crash happened outside the Java Virtual Machine in native code.
# See problematic frame for where to report the bug.
#

---------------  S U M M A R Y ------------

Command Line: -javaagent:C:\Program Files\JetBrains\IntelliJ IDEA Community Edition 2021.3.2\lib\idea_rt.jar=63392:C:\Program Files\JetBrains\IntelliJ IDEA Community Edition 2021.3.2\bin -Dfile.encoding=UTF-8 MyFrame

Host: Intel(R) Core(TM) i7-6500U CPU @ 2.50GHz, 4 cores, 7G,  Windows 10 , 64 bit Build 19041 (10.0.19041.1503)
Time: Tue Mar  8 01:09:11 2022 Hora estándar romance elapsed time: 0.503693 seconds (0d 0h 0m 0s)

---------------  T H R E A D  ---------------

Current thread (0x000002cbb7c0b000):  JavaThread "main" [_thread_in_native, id=19044, stack(0x000000e310600000,0x000000e310700000)]

Stack: [0x000000e310600000,0x000000e310700000],  sp=0x000000e3106fec00,  free space=1019k
Native frames: (J=compiled Java code, j=interpreted, Vv=VM code, C=native code)
C  [rxtxSerial.dll+0x5b00]

Java frames: (J=compiled Java code, j=interpreted, Vv=VM code)
j  gnu.io.RXTXPort.readArray([BII)I+0
j  gnu.io.RXTXPort$SerialInputStream.read([BII)I+212
j  sun.nio.cs.StreamDecoder.readBytes()I+135 java.base@11.0.14
j  sun.nio.cs.StreamDecoder.implRead([CII)I+112 java.base@11.0.14
j  sun.nio.cs.StreamDecoder.read([CII)I+180 java.base@11.0.14
j  java.io.InputStreamReader.read([CII)I+7 java.base@11.0.14
j  java.io.BufferedReader.fill()V+145 java.base@11.0.14
j  java.io.BufferedReader.readLine(Z)Ljava/lang/String;+44 java.base@11.0.14
j  java.io.BufferedReader.readLine()Ljava/lang/String;+2 java.base@11.0.14
j  FileManager.<init>()V+210
j  MyFrame.main([Ljava/lang/String;)V+4
v  ~StubRoutines::call_stub

siginfo: EXCEPTION_ACCESS_VIOLATION (0xc0000005), reading address 0x00000000118fee48


Register to memory mapping:

RIP=0x0000000180005b00 rxtxSerial.dll
RAX=0x0000000000000001 is an unknown value
RBX=0x0 is NULL
RCX=0x000000018001d4d5 rxtxSerial.dll
RDX=0xfffffffffffff665 is an unknown value
RSP=0x000000e3106fec00 is pointing into the stack for thread: 0x000002cbb7c0b000
RBP=
[error occurred during error reporting (printing register info), id 0xc0000005, EXCEPTION_ACCESS_VIOLATION (0xc0000005) at pc=0x00007ff9b1bf1116]

Registers:
RAX=0x0000000000000001, RBX=0x0000000000000000, RCX=0x000000018001d4d5, RDX=0xfffffffffffff665
RSP=0x000000e3106fec00, RBP=0x00000000ffffffff, RSI=0x0000000000000000, RDI=0x000002cbb7c0b348
R8 =0x0000000000000002, R9 =0xfffffffffffff63c, R10=0x0000000000000006, R11=0x8101010101010100
R12=0x00000000118fee40, R13=0x0000000000000001, R14=0x000000e3106fede8, R15=0x0000000000000000
RIP=0x0000000180005b00, EFLAGS=0x0000000000010202

Top of Stack: (sp=0x000000e3106fec00)
0x000000e3106fec00:   0000000000000000 00000000118fee40
0x000000e3106fec10:   0000000000000000 000002cbb7c0b348
0x000000e3106fec20:   0000000000000000 000000e3106fede8
0x000000e3106fec30:   000002cbd581ce58 0000000000000001
0x000000e3106fec40:   000002cbb7c0b348 0000000000000001
0x000000e3106fec50:   ffffffffffffffff 0000000180006211
0x000000e3106fec60:   000002cbd5fdc230 ffffffffffffffff
0x000000e3106fec70:   0000000000000001 000002cbd5fdc230
0x000000e3106fec80:   000002cb00000001 00007ff9ffffffff
0x000000e3106fec90:   000000e3106fedf0 000000e3106fedf0
0x000000e3106feca0:   000002cbd581ce58 000002cbb7c0b000
0x000000e3106fecb0:   000002cbbf299b00 00007ff9b1c7d83c
0x000000e3106fecc0:   000000e3106fece0 000002cbb7c0b000
0x000000e3106fecd0:   000000000000006d 0000310b3c20e40c
0x000000e3106fece0:   000002cbd581ce60 000002cbd581ce58
0x000000e3106fecf0:   000002cbb7c0b000 000000e3106fedf0 

Instructions: (pc=0x0000000180005b00)
0x0000000180005ae0:   15 23 7a 01 00 48 8d 48 60 e8 3a 5d 00 00 4c 8b
0x0000000180005af0:   e5 8b ac 24 88 00 00 00 44 8b ac 24 80 00 00 00
0x0000000180005b00:   45 8b 74 24 08 41 89 5c 24 08 41 8b fd 85 ed 78
0x0000000180005b10:   09 ff 15 e9 14 01 00 44 8b f8 45 85 ed 7e 4a 90 


Stack slot to memory mapping:
stack at sp + 0 slots: 0x0 is NULL
stack at sp + 1 slots: 0x00000000118fee40 is an unknown value
stack at sp + 2 slots: 0x0 is NULL
stack at sp + 3 slots: 0x000002cbb7c0b348 points into unknown readable memory: 0x00007ff9b2301d10 | 10 1d 30 b2 f9 7f 00 00
stack at sp + 4 slots: 0x0 is NULL
stack at sp + 5 slots: 0x000000e3106fede8 is pointing into the stack for thread: 0x000002cbb7c0b000
stack at sp + 6 slots: 0x000002cbd581ce58 is pointing into metadata
stack at sp + 7 slots: 0x0000000000000001 is an unknown value


---------------  P R O C E S S  ---------------

Threads class SMR info:
_java_thread_list=0x000002cbd6199300, length=12, elements={
0x000002cbb7c0b000, 0x000002cbd523d000, 0x000002cbd5249000, 0x000002cbd5bf2800,
0x000002cbd5254000, 0x000002cbd5254800, 0x000002cbd525e800, 0x000002cbd5264000,
0x000002cbd526e000, 0x000002cbb7ceb000, 0x000002cbd5ebf800, 0x000002cbd6134800
}

Java Threads: ( => current thread )
=>0x000002cbb7c0b000 JavaThread "main" [_thread_in_native, id=19044, stack(0x000000e310600000,0x000000e310700000)]
  0x000002cbd523d000 JavaThread "Reference Handler" daemon [_thread_blocked, id=18640, stack(0x000000e310d00000,0x000000e310e00000)]
  0x000002cbd5249000 JavaThread "Finalizer" daemon [_thread_blocked, id=6824, stack(0x000000e310e00000,0x000000e310f00000)]
  0x000002cbd5bf2800 JavaThread "Signal Dispatcher" daemon [_thread_blocked, id=7656, stack(0x000000e310f00000,0x000000e311000000)]
  0x000002cbd5254000 JavaThread "Attach Listener" daemon [_thread_blocked, id=14308, stack(0x000000e311000000,0x000000e311100000)]
  0x000002cbd5254800 JavaThread "Service Thread" daemon [_thread_blocked, id=18020, stack(0x000000e311100000,0x000000e311200000)]
  0x000002cbd525e800 JavaThread "C2 CompilerThread0" daemon [_thread_blocked, id=1604, stack(0x000000e311200000,0x000000e311300000)]
  0x000002cbd5264000 JavaThread "C1 CompilerThread0" daemon [_thread_blocked, id=17984, stack(0x000000e311300000,0x000000e311400000)]
  0x000002cbd526e000 JavaThread "Sweeper thread" daemon [_thread_blocked, id=21688, stack(0x000000e311400000,0x000000e311500000)]
  0x000002cbb7ceb000 JavaThread "Common-Cleaner" daemon [_thread_blocked, id=20528, stack(0x000000e311500000,0x000000e311600000)]
  0x000002cbd5ebf800 JavaThread "Monitor Ctrl-Break" daemon [_thread_in_native, id=16576, stack(0x000000e311600000,0x000000e311700000)]
  0x000002cbd6134800 JavaThread "Thread-0" daemon [_thread_in_native, id=2388, stack(0x000000e311800000,0x000000e311900000)]

Other Threads:
  0x000002cbd5219800 VMThread "VM Thread" [stack: 0x000000e310c00000,0x000000e310d00000] [id=21752]
  0x000002cbd5ec0000 WatcherThread [stack: 0x000000e311700000,0x000000e311800000] [id=6524]
  0x000002cbb7c22000 GCTaskThread "GC Thread#0" [stack: 0x000000e310700000,0x000000e310800000] [id=13584]
  0x000002cbb5b7d000 ConcurrentGCThread "G1 Main Marker" [stack: 0x000000e310800000,0x000000e310900000] [id=21588]
  0x000002cbb5b7e000 ConcurrentGCThread "G1 Conc#0" [stack: 0x000000e310900000,0x000000e310a00000] [id=22404]
  0x000002cbb7cdd800 ConcurrentGCThread "G1 Refine#0" [stack: 0x000000e310a00000,0x000000e310b00000] [id=1924]
  0x000002cbb7cde800 ConcurrentGCThread "G1 Young RemSet Sampling" [stack: 0x000000e310b00000,0x000000e310c00000] [id=13492]

Threads with active compile tasks:

VM state:not at safepoint (normal execution)

VM Mutex/Monitor currently owned by a thread: None

Heap address: 0x0000000082000000, size: 2016 MB, Compressed Oops mode: 32-bit
Narrow klass base: 0x0000000000000000, Narrow klass shift: 3
Compressed class space size: 1073741824 Address: 0x0000000100000000

Heap:
 garbage-first heap   total 129024K, used 4096K [0x0000000082000000, 0x0000000100000000)
  region size 1024K, 5 young (5120K), 0 survivors (0K)
 Metaspace       used 9212K, capacity 9485K, committed 9728K, reserved 1058816K
  class space    used 862K, capacity 932K, committed 1024K, reserved 1048576K
Heap Regions: E=young(eden), S=young(survivor), O=old, HS=humongous(starts), HC=humongous(continues), CS=collection set, F=free, A=archive, TAMS=top-at-mark-start (previous, next)
|   0|0x0000000082000000, 0x0000000082000000, 0x0000000082100000|  0%| F|  |TAMS 0x0000000082000000, 0x0000000082000000| Untracked 
|   1|0x0000000082100000, 0x0000000082100000, 0x0000000082200000|  0%| F|  |TAMS 0x0000000082100000, 0x0000000082100000| Untracked 
|   2|0x0000000082200000, 0x0000000082200000, 0x0000000082300000|  0%| F|  |TAMS 0x0000000082200000, 0x0000000082200000| Untracked 
|   3|0x0000000082300000, 0x0000000082300000, 0x0000000082400000|  0%| F|  |TAMS 0x0000000082300000, 0x0000000082300000| Untracked 
|   4|0x0000000082400000, 0x0000000082400000, 0x0000000082500000|  0%| F|  |TAMS 0x0000000082400000, 0x0000000082400000| Untracked 
|   5|0x0000000082500000, 0x0000000082500000, 0x0000000082600000|  0%| F|  |TAMS 0x0000000082500000, 0x0000000082500000| Untracked 
|   6|0x0000000082600000, 0x0000000082600000, 0x0000000082700000|  0%| F|  |TAMS 0x0000000082600000, 0x0000000082600000| Untracked 
|   7|0x0000000082700000, 0x0000000082700000, 0x0000000082800000|  0%| F|  |TAMS 0x0000000082700000, 0x0000000082700000| Untracked 
|   8|0x0000000082800000, 0x0000000082800000, 0x0000000082900000|  0%| F|  |TAMS 0x0000000082800000, 0x0000000082800000| Untracked 
|   9|0x0000000082900000, 0x0000000082900000, 0x0000000082a00000|  0%| F|  |TAMS 0x0000000082900000, 0x0000000082900000| Untracked 
|  10|0x0000000082a00000, 0x0000000082a00000, 0x0000000082b00000|  0%| F|  |TAMS 0x0000000082a00000, 0x0000000082a00000| Untracked 
|  11|0x0000000082b00000, 0x0000000082b00000, 0x0000000082c00000|  0%| F|  |TAMS 0x0000000082b00000, 0x0000000082b00000| Untracked 
|  12|0x0000000082c00000, 0x0000000082c00000, 0x0000000082d00000|  0%| F|  |TAMS 0x0000000082c00000, 0x0000000082c00000| Untracked 
|  13|0x0000000082d00000, 0x0000000082d00000, 0x0000000082e00000|  0%| F|  |TAMS 0x0000000082d00000, 0x0000000082d00000| Untracked 
|  14|0x0000000082e00000, 0x0000000082e00000, 0x0000000082f00000|  0%| F|  |TAMS 0x0000000082e00000, 0x0000000082e00000| Untracked 
|  15|0x0000000082f00000, 0x0000000082f00000, 0x0000000083000000|  0%| F|  |TAMS 0x0000000082f00000, 0x0000000082f00000| Untracked 
|  16|0x0000000083000000, 0x0000000083000000, 0x0000000083100000|  0%| F|  |TAMS 0x0000000083000000, 0x0000000083000000| Untracked 
|  17|0x0000000083100000, 0x0000000083100000, 0x0000000083200000|  0%| F|  |TAMS 0x0000000083100000, 0x0000000083100000| Untracked 
|  18|0x0000000083200000, 0x0000000083200000, 0x0000000083300000|  0%| F|  |TAMS 0x0000000083200000, 0x0000000083200000| Untracked 
|  19|0x0000000083300000, 0x0000000083300000, 0x0000000083400000|  0%| F|  |TAMS 0x0000000083300000, 0x0000000083300000| Untracked 
|  20|0x0000000083400000, 0x0000000083400000, 0x0000000083500000|  0%| F|  |TAMS 0x0000000083400000, 0x0000000083400000| Untracked 
|  21|0x0000000083500000, 0x0000000083500000, 0x0000000083600000|  0%| F|  |TAMS 0x0000000083500000, 0x0000000083500000| Untracked 
|  22|0x0000000083600000, 0x0000000083600000, 0x0000000083700000|  0%| F|  |TAMS 0x0000000083600000, 0x0000000083600000| Untracked 
|  23|0x0000000083700000, 0x0000000083700000, 0x0000000083800000|  0%| F|  |TAMS 0x0000000083700000, 0x0000000083700000| Untracked 
|  24|0x0000000083800000, 0x0000000083800000, 0x0000000083900000|  0%| F|  |TAMS 0x0000000083800000, 0x0000000083800000| Untracked 
|  25|0x0000000083900000, 0x0000000083900000, 0x0000000083a00000|  0%| F|  |TAMS 0x0000000083900000, 0x0000000083900000| Untracked 
|  26|0x0000000083a00000, 0x0000000083a00000, 0x0000000083b00000|  0%| F|  |TAMS 0x0000000083a00000, 0x0000000083a00000| Untracked 
|  27|0x0000000083b00000, 0x0000000083b00000, 0x0000000083c00000|  0%| F|  |TAMS 0x0000000083b00000, 0x0000000083b00000| Untracked 
|  28|0x0000000083c00000, 0x0000000083c00000, 0x0000000083d00000|  0%| F|  |TAMS 0x0000000083c00000, 0x0000000083c00000| Untracked 
|  29|0x0000000083d00000, 0x0000000083d00000, 0x0000000083e00000|  0%| F|  |TAMS 0x0000000083d00000, 0x0000000083d00000| Untracked 
|  30|0x0000000083e00000, 0x0000000083e00000, 0x0000000083f00000|  0%| F|  |TAMS 0x0000000083e00000, 0x0000000083e00000| Untracked 
|  31|0x0000000083f00000, 0x0000000083f00000, 0x0000000084000000|  0%| F|  |TAMS 0x0000000083f00000, 0x0000000083f00000| Untracked 
|  32|0x0000000084000000, 0x0000000084000000, 0x0000000084100000|  0%| F|  |TAMS 0x0000000084000000, 0x0000000084000000| Untracked 
|  33|0x0000000084100000, 0x0000000084100000, 0x0000000084200000|  0%| F|  |TAMS 0x0000000084100000, 0x0000000084100000| Untracked 
|  34|0x0000000084200000, 0x0000000084200000, 0x0000000084300000|  0%| F|  |TAMS 0x0000000084200000, 0x0000000084200000| Untracked 
|  35|0x0000000084300000, 0x0000000084300000, 0x0000000084400000|  0%| F|  |TAMS 0x0000000084300000, 0x0000000084300000| Untracked 
|  36|0x0000000084400000, 0x0000000084400000, 0x0000000084500000|  0%| F|  |TAMS 0x0000000084400000, 0x0000000084400000| Untracked 
|  37|0x0000000084500000, 0x0000000084500000, 0x0000000084600000|  0%| F|  |TAMS 0x0000000084500000, 0x0000000084500000| Untracked 
|  38|0x0000000084600000, 0x0000000084600000, 0x0000000084700000|  0%| F|  |TAMS 0x0000000084600000, 0x0000000084600000| Untracked 
|  39|0x0000000084700000, 0x0000000084700000, 0x0000000084800000|  0%| F|  |TAMS 0x0000000084700000, 0x0000000084700000| Untracked 
|  40|0x0000000084800000, 0x0000000084800000, 0x0000000084900000|  0%| F|  |TAMS 0x0000000084800000, 0x0000000084800000| Untracked 
|  41|0x0000000084900000, 0x0000000084900000, 0x0000000084a00000|  0%| F|  |TAMS 0x0000000084900000, 0x0000000084900000| Untracked 
|  42|0x0000000084a00000, 0x0000000084a00000, 0x0000000084b00000|  0%| F|  |TAMS 0x0000000084a00000, 0x0000000084a00000| Untracked 
|  43|0x0000000084b00000, 0x0000000084b00000, 0x0000000084c00000|  0%| F|  |TAMS 0x0000000084b00000, 0x0000000084b00000| Untracked 
|  44|0x0000000084c00000, 0x0000000084c00000, 0x0000000084d00000|  0%| F|  |TAMS 0x0000000084c00000, 0x0000000084c00000| Untracked 
|  45|0x0000000084d00000, 0x0000000084d00000, 0x0000000084e00000|  0%| F|  |TAMS 0x0000000084d00000, 0x0000000084d00000| Untracked 
|  46|0x0000000084e00000, 0x0000000084e00000, 0x0000000084f00000|  0%| F|  |TAMS 0x0000000084e00000, 0x0000000084e00000| Untracked 
|  47|0x0000000084f00000, 0x0000000084f00000, 0x0000000085000000|  0%| F|  |TAMS 0x0000000084f00000, 0x0000000084f00000| Untracked 
|  48|0x0000000085000000, 0x0000000085000000, 0x0000000085100000|  0%| F|  |TAMS 0x0000000085000000, 0x0000000085000000| Untracked 
|  49|0x0000000085100000, 0x0000000085100000, 0x0000000085200000|  0%| F|  |TAMS 0x0000000085100000, 0x0000000085100000| Untracked 
|  50|0x0000000085200000, 0x0000000085200000, 0x0000000085300000|  0%| F|  |TAMS 0x0000000085200000, 0x0000000085200000| Untracked 
|  51|0x0000000085300000, 0x0000000085300000, 0x0000000085400000|  0%| F|  |TAMS 0x0000000085300000, 0x0000000085300000| Untracked 
|  52|0x0000000085400000, 0x0000000085400000, 0x0000000085500000|  0%| F|  |TAMS 0x0000000085400000, 0x0000000085400000| Untracked 
|  53|0x0000000085500000, 0x0000000085500000, 0x0000000085600000|  0%| F|  |TAMS 0x0000000085500000, 0x0000000085500000| Untracked 
|  54|0x0000000085600000, 0x0000000085600000, 0x0000000085700000|  0%| F|  |TAMS 0x0000000085600000, 0x0000000085600000| Untracked 
|  55|0x0000000085700000, 0x0000000085700000, 0x0000000085800000|  0%| F|  |TAMS 0x0000000085700000, 0x0000000085700000| Untracked 
|  56|0x0000000085800000, 0x0000000085800000, 0x0000000085900000|  0%| F|  |TAMS 0x0000000085800000, 0x0000000085800000| Untracked 
|  57|0x0000000085900000, 0x0000000085900000, 0x0000000085a00000|  0%| F|  |TAMS 0x0000000085900000, 0x0000000085900000| Untracked 
|  58|0x0000000085a00000, 0x0000000085a00000, 0x0000000085b00000|  0%| F|  |TAMS 0x0000000085a00000, 0x0000000085a00000| Untracked 
|  59|0x0000000085b00000, 0x0000000085b00000, 0x0000000085c00000|  0%| F|  |TAMS 0x0000000085b00000, 0x0000000085b00000| Untracked 
|  60|0x0000000085c00000, 0x0000000085c00000, 0x0000000085d00000|  0%| F|  |TAMS 0x0000000085c00000, 0x0000000085c00000| Untracked 
|  61|0x0000000085d00000, 0x0000000085d00000, 0x0000000085e00000|  0%| F|  |TAMS 0x0000000085d00000, 0x0000000085d00000| Untracked 
|  62|0x0000000085e00000, 0x0000000085e00000, 0x0000000085f00000|  0%| F|  |TAMS 0x0000000085e00000, 0x0000000085e00000| Untracked 
|  63|0x0000000085f00000, 0x0000000085f00000, 0x0000000086000000|  0%| F|  |TAMS 0x0000000085f00000, 0x0000000085f00000| Untracked 
|  64|0x0000000086000000, 0x0000000086000000, 0x0000000086100000|  0%| F|  |TAMS 0x0000000086000000, 0x0000000086000000| Untracked 
|  65|0x0000000086100000, 0x0000000086100000, 0x0000000086200000|  0%| F|  |TAMS 0x0000000086100000, 0x0000000086100000| Untracked 
|  66|0x0000000086200000, 0x0000000086200000, 0x0000000086300000|  0%| F|  |TAMS 0x0000000086200000, 0x0000000086200000| Untracked 
|  67|0x0000000086300000, 0x0000000086300000, 0x0000000086400000|  0%| F|  |TAMS 0x0000000086300000, 0x0000000086300000| Untracked 
|  68|0x0000000086400000, 0x0000000086400000, 0x0000000086500000|  0%| F|  |TAMS 0x0000000086400000, 0x0000000086400000| Untracked 
|  69|0x0000000086500000, 0x0000000086500000, 0x0000000086600000|  0%| F|  |TAMS 0x0000000086500000, 0x0000000086500000| Untracked 
|  70|0x0000000086600000, 0x0000000086600000, 0x0000000086700000|  0%| F|  |TAMS 0x0000000086600000, 0x0000000086600000| Untracked 
|  71|0x0000000086700000, 0x0000000086700000, 0x0000000086800000|  0%| F|  |TAMS 0x0000000086700000, 0x0000000086700000| Untracked 
|  72|0x0000000086800000, 0x0000000086800000, 0x0000000086900000|  0%| F|  |TAMS 0x0000000086800000, 0x0000000086800000| Untracked 
|  73|0x0000000086900000, 0x0000000086900000, 0x0000000086a00000|  0%| F|  |TAMS 0x0000000086900000, 0x0000000086900000| Untracked 
|  74|0x0000000086a00000, 0x0000000086a00000, 0x0000000086b00000|  0%| F|  |TAMS 0x0000000086a00000, 0x0000000086a00000| Untracked 
|  75|0x0000000086b00000, 0x0000000086b00000, 0x0000000086c00000|  0%| F|  |TAMS 0x0000000086b00000, 0x0000000086b00000| Untracked 
|  76|0x0000000086c00000, 0x0000000086c00000, 0x0000000086d00000|  0%| F|  |TAMS 0x0000000086c00000, 0x0000000086c00000| Untracked 
|  77|0x0000000086d00000, 0x0000000086d00000, 0x0000000086e00000|  0%| F|  |TAMS 0x0000000086d00000, 0x0000000086d00000| Untracked 
|  78|0x0000000086e00000, 0x0000000086e00000, 0x0000000086f00000|  0%| F|  |TAMS 0x0000000086e00000, 0x0000000086e00000| Untracked 
|  79|0x0000000086f00000, 0x0000000086f00000, 0x0000000087000000|  0%| F|  |TAMS 0x0000000086f00000, 0x0000000086f00000| Untracked 
|  80|0x0000000087000000, 0x0000000087000000, 0x0000000087100000|  0%| F|  |TAMS 0x0000000087000000, 0x0000000087000000| Untracked 
|  81|0x0000000087100000, 0x0000000087100000, 0x0000000087200000|  0%| F|  |TAMS 0x0000000087100000, 0x0000000087100000| Untracked 
|  82|0x0000000087200000, 0x0000000087200000, 0x0000000087300000|  0%| F|  |TAMS 0x0000000087200000, 0x0000000087200000| Untracked 
|  83|0x0000000087300000, 0x0000000087300000, 0x0000000087400000|  0%| F|  |TAMS 0x0000000087300000, 0x0000000087300000| Untracked 
|  84|0x0000000087400000, 0x0000000087400000, 0x0000000087500000|  0%| F|  |TAMS 0x0000000087400000, 0x0000000087400000| Untracked 
|  85|0x0000000087500000, 0x0000000087500000, 0x0000000087600000|  0%| F|  |TAMS 0x0000000087500000, 0x0000000087500000| Untracked 
|  86|0x0000000087600000, 0x0000000087600000, 0x0000000087700000|  0%| F|  |TAMS 0x0000000087600000, 0x0000000087600000| Untracked 
|  87|0x0000000087700000, 0x0000000087700000, 0x0000000087800000|  0%| F|  |TAMS 0x0000000087700000, 0x0000000087700000| Untracked 
|  88|0x0000000087800000, 0x0000000087800000, 0x0000000087900000|  0%| F|  |TAMS 0x0000000087800000, 0x0000000087800000| Untracked 
|  89|0x0000000087900000, 0x0000000087900000, 0x0000000087a00000|  0%| F|  |TAMS 0x0000000087900000, 0x0000000087900000| Untracked 
|  90|0x0000000087a00000, 0x0000000087a00000, 0x0000000087b00000|  0%| F|  |TAMS 0x0000000087a00000, 0x0000000087a00000| Untracked 
|  91|0x0000000087b00000, 0x0000000087b00000, 0x0000000087c00000|  0%| F|  |TAMS 0x0000000087b00000, 0x0000000087b00000| Untracked 
|  92|0x0000000087c00000, 0x0000000087c00000, 0x0000000087d00000|  0%| F|  |TAMS 0x0000000087c00000, 0x0000000087c00000| Untracked 
|  93|0x0000000087d00000, 0x0000000087d00000, 0x0000000087e00000|  0%| F|  |TAMS 0x0000000087d00000, 0x0000000087d00000| Untracked 
|  94|0x0000000087e00000, 0x0000000087e00000, 0x0000000087f00000|  0%| F|  |TAMS 0x0000000087e00000, 0x0000000087e00000| Untracked 
|  95|0x0000000087f00000, 0x0000000087f00000, 0x0000000088000000|  0%| F|  |TAMS 0x0000000087f00000, 0x0000000087f00000| Untracked 
|  96|0x0000000088000000, 0x0000000088000000, 0x0000000088100000|  0%| F|  |TAMS 0x0000000088000000, 0x0000000088000000| Untracked 
|  97|0x0000000088100000, 0x0000000088100000, 0x0000000088200000|  0%| F|  |TAMS 0x0000000088100000, 0x0000000088100000| Untracked 
|  98|0x0000000088200000, 0x0000000088200000, 0x0000000088300000|  0%| F|  |TAMS 0x0000000088200000, 0x0000000088200000| Untracked 
|  99|0x0000000088300000, 0x0000000088300000, 0x0000000088400000|  0%| F|  |TAMS 0x0000000088300000, 0x0000000088300000| Untracked 
| 100|0x0000000088400000, 0x0000000088400000, 0x0000000088500000|  0%| F|  |TAMS 0x0000000088400000, 0x0000000088400000| Untracked 
| 101|0x0000000088500000, 0x0000000088500000, 0x0000000088600000|  0%| F|  |TAMS 0x0000000088500000, 0x0000000088500000| Untracked 
| 102|0x0000000088600000, 0x0000000088600000, 0x0000000088700000|  0%| F|  |TAMS 0x0000000088600000, 0x0000000088600000| Untracked 
| 103|0x0000000088700000, 0x0000000088700000, 0x0000000088800000|  0%| F|  |TAMS 0x0000000088700000, 0x0000000088700000| Untracked 
| 104|0x0000000088800000, 0x0000000088800000, 0x0000000088900000|  0%| F|  |TAMS 0x0000000088800000, 0x0000000088800000| Untracked 
| 105|0x0000000088900000, 0x0000000088900000, 0x0000000088a00000|  0%| F|  |TAMS 0x0000000088900000, 0x0000000088900000| Untracked 
| 106|0x0000000088a00000, 0x0000000088a00000, 0x0000000088b00000|  0%| F|  |TAMS 0x0000000088a00000, 0x0000000088a00000| Untracked 
| 107|0x0000000088b00000, 0x0000000088b00000, 0x0000000088c00000|  0%| F|  |TAMS 0x0000000088b00000, 0x0000000088b00000| Untracked 
| 108|0x0000000088c00000, 0x0000000088c00000, 0x0000000088d00000|  0%| F|  |TAMS 0x0000000088c00000, 0x0000000088c00000| Untracked 
| 109|0x0000000088d00000, 0x0000000088d00000, 0x0000000088e00000|  0%| F|  |TAMS 0x0000000088d00000, 0x0000000088d00000| Untracked 
| 110|0x0000000088e00000, 0x0000000088e00000, 0x0000000088f00000|  0%| F|  |TAMS 0x0000000088e00000, 0x0000000088e00000| Untracked 
| 111|0x0000000088f00000, 0x0000000088f00000, 0x0000000089000000|  0%| F|  |TAMS 0x0000000088f00000, 0x0000000088f00000| Untracked 
| 112|0x0000000089000000, 0x0000000089000000, 0x0000000089100000|  0%| F|  |TAMS 0x0000000089000000, 0x0000000089000000| Untracked 
| 113|0x0000000089100000, 0x0000000089100000, 0x0000000089200000|  0%| F|  |TAMS 0x0000000089100000, 0x0000000089100000| Untracked 
| 114|0x0000000089200000, 0x0000000089200000, 0x0000000089300000|  0%| F|  |TAMS 0x0000000089200000, 0x0000000089200000| Untracked 
| 115|0x0000000089300000, 0x0000000089300000, 0x0000000089400000|  0%| F|  |TAMS 0x0000000089300000, 0x0000000089300000| Untracked 
| 116|0x0000000089400000, 0x0000000089400000, 0x0000000089500000|  0%| F|  |TAMS 0x0000000089400000, 0x0000000089400000| Untracked 
| 117|0x0000000089500000, 0x0000000089500000, 0x0000000089600000|  0%| F|  |TAMS 0x0000000089500000, 0x0000000089500000| Untracked 
| 118|0x0000000089600000, 0x0000000089600000, 0x0000000089700000|  0%| F|  |TAMS 0x0000000089600000, 0x0000000089600000| Untracked 
| 119|0x0000000089700000, 0x0000000089700000, 0x0000000089800000|  0%| F|  |TAMS 0x0000000089700000, 0x0000000089700000| Untracked 
| 120|0x0000000089800000, 0x0000000089800000, 0x0000000089900000|  0%| F|  |TAMS 0x0000000089800000, 0x0000000089800000| Untracked 
| 121|0x0000000089900000, 0x0000000089a00000, 0x0000000089a00000|100%| E|  |TAMS 0x0000000089900000, 0x0000000089900000| Complete 
| 122|0x0000000089a00000, 0x0000000089b00000, 0x0000000089b00000|100%| E|CS|TAMS 0x0000000089a00000, 0x0000000089a00000| Complete 
| 123|0x0000000089b00000, 0x0000000089c00000, 0x0000000089c00000|100%| E|CS|TAMS 0x0000000089b00000, 0x0000000089b00000| Complete 
| 124|0x0000000089c00000, 0x0000000089d00000, 0x0000000089d00000|100%| E|CS|TAMS 0x0000000089c00000, 0x0000000089c00000| Complete 
| 125|0x0000000089d00000, 0x0000000089e00000, 0x0000000089e00000|100%| E|CS|TAMS 0x0000000089d00000, 0x0000000089d00000| Complete 

Card table byte_map: [0x000002cbce680000,0x000002cbcea70000] _byte_map_base: 0x000002cbce270000

Marking Bits (Prev, Next): (CMBitMap*) 0x000002cbb7c46868, (CMBitMap*) 0x000002cbb7c468a0
 Prev Bits: [0x000002cbcee60000, 0x000002cbd0de0000)
 Next Bits: [0x000002cbd0de0000, 0x000002cbd2d60000)

Polling page: 0x000002cbb5a70000

Metaspace:

Usage:
  Non-class:      8.35 MB capacity,     8.15 MB ( 98%) used,   189.50 KB (  2%) free+waste,    13.69 KB ( <1%) overhead. 
      Class:    932.00 KB capacity,   862.40 KB ( 93%) used,    62.79 KB (  7%) free+waste,     6.81 KB ( <1%) overhead. 
       Both:      9.26 MB capacity,     9.00 MB ( 97%) used,   252.29 KB (  3%) free+waste,    20.50 KB ( <1%) overhead. 

Virtual space:
  Non-class space:       10.00 MB reserved,       8.50 MB ( 85%) committed 
      Class space:        1.00 GB reserved,       1.00 MB ( <1%) committed 
             Both:        1.01 GB reserved,       9.50 MB ( <1%) committed 

Chunk freelists:
   Non-Class:  2.88 KB
       Class:  3.50 KB
        Both:  6.38 KB

CodeHeap 'non-profiled nmethods': size=120064Kb used=143Kb max_used=143Kb free=119920Kb
 bounds [0x000002cbc6d50000, 0x000002cbc6fc0000, 0x000002cbce290000]
CodeHeap 'profiled nmethods': size=120000Kb used=769Kb max_used=769Kb free=119230Kb
 bounds [0x000002cbbf820000, 0x000002cbbfa90000, 0x000002cbc6d50000]
CodeHeap 'non-nmethods': size=5696Kb used=1084Kb max_used=1097Kb free=4611Kb
 bounds [0x000002cbbf290000, 0x000002cbbf500000, 0x000002cbbf820000]
 total_blobs=918 nmethods=528 adapters=302
 compilation: enabled
              stopped_count=0, restarted_count=0
 full_count=0

Compilation events (10 events):
Event: 0.459 Thread 0x000002cbd525e800  523       4       java.lang.CharacterDataLatin1::toLowerCase (39 bytes)
Event: 0.460 Thread 0x000002cbd525e800 nmethod 523 0x000002cbc6d73090 code [0x000002cbc6d73200, 0x000002cbc6d732d8]
Event: 0.466 Thread 0x000002cbd5264000  525       3       java.lang.String::endsWith (15 bytes)
Event: 0.466 Thread 0x000002cbd5264000 nmethod 525 0x000002cbbf8dee90 code [0x000002cbbf8df060, 0x000002cbbf8df388]
Event: 0.468 Thread 0x000002cbd5264000  526       3       java.lang.ClassLoader::checkName (37 bytes)
Event: 0.468 Thread 0x000002cbd5264000 nmethod 526 0x000002cbbf8df510 code [0x000002cbbf8df760, 0x000002cbbf8e00f8]
Event: 0.469 Thread 0x000002cbd5264000  527       1       java.net.URL::getFile (5 bytes)
Event: 0.469 Thread 0x000002cbd5264000 nmethod 527 0x000002cbc6d73790 code [0x000002cbc6d73920, 0x000002cbc6d739d8]
Event: 0.476 Thread 0x000002cbd5264000  528       1       java.net.URL::getUserInfo (5 bytes)
Event: 0.476 Thread 0x000002cbd5264000 nmethod 528 0x000002cbc6d73a90 code [0x000002cbc6d73c20, 0x000002cbc6d73cd8]

GC Heap History (0 events):
No events

Deoptimization events (1 events):
Event: 0.253 Thread 0x000002cbb7c0b000 Uncommon trap: reason=unstable_if action=reinterpret pc=0x000002cbc6d5cdfc method=java.lang.String.charAt(I)C @ 4 c2

Classes redefined (0 events):
No events

Internal exceptions (10 events):
Event: 0.382 Thread 0x000002cbb7c0b000 Exception <a 'java/io/FileNotFoundException'{0x0000000089a8f0c0}> (0x0000000089a8f0c0) thrown at [./open/src/hotspot/share/prims/jni.cpp, line 611]
Event: 0.403 Thread 0x000002cbb7c0b000 Exception <a 'java/lang/NoSuchMethodError'{0x0000000089ab6388}: java.lang.invoke.DirectMethodHandle$Holder.invokeSpecialIFC(Ljava/lang/Object;Ljava/lang/Object;I)I> (0x0000000089ab6388) thrown at [./open/src/hotspot/share/interpreter/linkResolver.cpp, lin
Event: 0.447 Thread 0x000002cbb7c0b000 Exception <a 'java/io/FileNotFoundException'{0x0000000089940c18}> (0x0000000089940c18) thrown at [./open/src/hotspot/share/prims/jni.cpp, line 611]
Event: 0.447 Thread 0x000002cbb7c0b000 Exception <a 'java/io/FileNotFoundException'{0x0000000089941330}> (0x0000000089941330) thrown at [./open/src/hotspot/share/prims/jni.cpp, line 611]
Event: 0.455 Thread 0x000002cbb7c0b000 Exception <a 'java/io/FileNotFoundException'{0x0000000089952960}> (0x0000000089952960) thrown at [./open/src/hotspot/share/prims/jni.cpp, line 611]
Event: 0.455 Thread 0x000002cbb7c0b000 Exception <a 'java/io/FileNotFoundException'{0x0000000089953078}> (0x0000000089953078) thrown at [./open/src/hotspot/share/prims/jni.cpp, line 611]
Event: 0.458 Thread 0x000002cbb7c0b000 Exception <a 'java/io/FileNotFoundException'{0x0000000089963688}> (0x0000000089963688) thrown at [./open/src/hotspot/share/prims/jni.cpp, line 611]
Event: 0.458 Thread 0x000002cbb7c0b000 Exception <a 'java/io/FileNotFoundException'{0x0000000089963da0}> (0x0000000089963da0) thrown at [./open/src/hotspot/share/prims/jni.cpp, line 611]
Event: 0.463 Thread 0x000002cbb7c0b000 Exception <a 'java/io/FileNotFoundException'{0x0000000089974d30}> (0x0000000089974d30) thrown at [./open/src/hotspot/share/prims/jni.cpp, line 611]
Event: 0.463 Thread 0x000002cbb7c0b000 Exception <a 'java/io/FileNotFoundException'{0x0000000089975448}> (0x0000000089975448) thrown at [./open/src/hotspot/share/prims/jni.cpp, line 611]

Events (10 events):
Event: 0.469 loading class gnu/io/Zystem done
Event: 0.469 loading class gnu/io/UnSupportedLoggerException
Event: 0.469 loading class gnu/io/UnSupportedLoggerException done
Event: 0.470 loading class java/lang/NumberFormatException
Event: 0.470 loading class java/lang/NumberFormatException done
Event: 0.473 loading class java/lang/IndexOutOfBoundsException
Event: 0.473 loading class java/lang/IndexOutOfBoundsException done
Event: 0.475 loading class gnu/io/RXTXPort$MonitorThread
Event: 0.475 loading class gnu/io/RXTXPort$MonitorThread done
Event: 0.477 Thread 0x000002cbd6134800 Thread added: 0x000002cbd6134800


Dynamic libraries:
0x00007ff6c3890000 - 0x00007ff6c389f000 	C:\Program Files\Java\jdk-11.0.14\bin\java.exe
0x00007ffa16530000 - 0x00007ffa16725000 	C:\Windows\SYSTEM32\ntdll.dll
0x00007ffa14d20000 - 0x00007ffa14dde000 	C:\Windows\System32\KERNEL32.DLL
0x00007ffa13e20000 - 0x00007ffa140e8000 	C:\Windows\System32\KERNELBASE.dll
0x00007ffa14120000 - 0x00007ffa14220000 	C:\Windows\System32\ucrtbase.dll
0x00007ffa0cbe0000 - 0x00007ffa0cbf8000 	C:\Program Files\Java\jdk-11.0.14\bin\jli.dll
0x00007ffa15900000 - 0x00007ffa159ae000 	C:\Windows\System32\ADVAPI32.dll
0x00007ffa0cf00000 - 0x00007ffa0cf15000 	C:\Program Files\Java\jdk-11.0.14\bin\VCRUNTIME140.dll
0x00007ffa16250000 - 0x00007ffa162ee000 	C:\Windows\System32\msvcrt.dll
0x00007ffa162f0000 - 0x00007ffa1638c000 	C:\Windows\System32\sechost.dll
0x00007ffa147d0000 - 0x00007ffa148f5000 	C:\Windows\System32\RPCRT4.dll
0x00007ffa14600000 - 0x00007ffa147a0000 	C:\Windows\System32\USER32.dll
0x00007ffa140f0000 - 0x00007ffa14112000 	C:\Windows\System32\win32u.dll
0x00007ffa14900000 - 0x00007ffa1492b000 	C:\Windows\System32\GDI32.dll
0x00007ffa01080000 - 0x00007ffa0131a000 	C:\Windows\WinSxS\amd64_microsoft.windows.common-controls_6595b64144ccf1df_6.0.19041.1110_none_60b5254171f9507e\COMCTL32.dll
0x00007ffa143f0000 - 0x00007ffa144fd000 	C:\Windows\System32\gdi32full.dll
0x00007ffa14350000 - 0x00007ffa143ed000 	C:\Windows\System32\msvcp_win.dll
0x00007ffa0d1c0000 - 0x00007ffa0d1ca000 	C:\Windows\SYSTEM32\VERSION.dll
0x00007ffa147a0000 - 0x00007ffa147d0000 	C:\Windows\System32\IMM32.DLL
0x00007ff9f0350000 - 0x00007ff9f03eb000 	C:\Program Files\Java\jdk-11.0.14\bin\msvcp140.dll
0x00007ff9b1920000 - 0x00007ff9b2436000 	C:\Program Files\Java\jdk-11.0.14\bin\server\jvm.dll
0x00007ffa14c80000 - 0x00007ffa14c88000 	C:\Windows\System32\PSAPI.DLL
0x00007ffa11bd0000 - 0x00007ffa11bd9000 	C:\Windows\SYSTEM32\WSOCK32.dll
0x00007ffa14b30000 - 0x00007ffa14b9b000 	C:\Windows\System32\WS2_32.dll
0x00007ffa06ae0000 - 0x00007ffa06b07000 	C:\Windows\SYSTEM32\WINMM.dll
0x00007ffa12490000 - 0x00007ffa124a2000 	C:\Windows\SYSTEM32\kernel.appcore.dll
0x00007ffa0de70000 - 0x00007ffa0de80000 	C:\Program Files\Java\jdk-11.0.14\bin\verify.dll
0x00007ffa11870000 - 0x00007ffa11a54000 	C:\Windows\SYSTEM32\DBGHELP.DLL
0x00007ff9fc7f0000 - 0x00007ff9fc81c000 	C:\Windows\SYSTEM32\dbgcore.DLL
0x00007ffa14220000 - 0x00007ffa142a2000 	C:\Windows\System32\bcryptPrimitives.dll
0x00007ff9f9600000 - 0x00007ff9f9628000 	C:\Program Files\Java\jdk-11.0.14\bin\java.dll
0x00007ffa0d2b0000 - 0x00007ffa0d2ba000 	C:\Program Files\Java\jdk-11.0.14\bin\jimage.dll
0x00007ffa0cee0000 - 0x00007ffa0ceee000 	C:\Program Files\Java\jdk-11.0.14\bin\instrument.dll
0x00007ffa02f90000 - 0x00007ffa02fa6000 	C:\Program Files\Java\jdk-11.0.14\bin\zip.dll
0x00007ffa15a80000 - 0x00007ffa161c4000 	C:\Windows\System32\SHELL32.dll
0x00007ffa11be0000 - 0x00007ffa12374000 	C:\Windows\SYSTEM32\windows.storage.dll
0x00007ffa15420000 - 0x00007ffa15775000 	C:\Windows\System32\combase.dll
0x00007ffa13660000 - 0x00007ffa1368e000 	C:\Windows\SYSTEM32\Wldp.dll
0x00007ffa14550000 - 0x00007ffa145fd000 	C:\Windows\System32\SHCORE.dll
0x00007ffa14ad0000 - 0x00007ffa14b25000 	C:\Windows\System32\shlwapi.dll
0x00007ffa13b50000 - 0x00007ffa13b6f000 	C:\Windows\SYSTEM32\profapi.dll
0x00007ff9f6bb0000 - 0x00007ff9f6bc9000 	C:\Program Files\Java\jdk-11.0.14\bin\net.dll
0x00007ffa033b0000 - 0x00007ffa034bc000 	C:\Windows\SYSTEM32\WINHTTP.dll
0x00007ffa133c0000 - 0x00007ffa1342a000 	C:\Windows\system32\mswsock.dll
0x00007ff9f2600000 - 0x00007ff9f2612000 	C:\Program Files\Java\jdk-11.0.14\bin\nio.dll
0x00007ff9f0530000 - 0x00007ff9f054a000 	C:\Program Files\JetBrains\IntelliJ IDEA Community Edition 2021.3.2\bin\breakgen64.dll
0x00007ff9b9d20000 - 0x00007ff9b9eba000 	C:\Program Files\Java\jdk-11.0.14\bin\awt.dll
0x00007ffa15830000 - 0x00007ffa158fd000 	C:\Windows\System32\OLEAUT32.dll
0x00007ffa10900000 - 0x00007ffa10990000 	C:\Windows\SYSTEM32\apphelp.dll
0x0000000180000000 - 0x0000000180025000 	C:\Windows\SysWOW64\rxtxSerial.dll

dbghelp: loaded successfully - version: 4.0.5 - missing functions: none
symbol engine: initialized successfully - sym options: 0x614 - pdb path: .;C:\Program Files\Java\jdk-11.0.14\bin;C:\Windows\SYSTEM32;C:\Windows\WinSxS\amd64_microsoft.windows.common-controls_6595b64144ccf1df_6.0.19041.1110_none_60b5254171f9507e;C:\Program Files\Java\jdk-11.0.14\bin\server;C:\Program Files\JetBrains\IntelliJ IDEA Community Edition 2021.3.2\bin;C:\Windows\SysWOW64

VM Arguments:
jvm_args: -javaagent:C:\Program Files\JetBrains\IntelliJ IDEA Community Edition 2021.3.2\lib\idea_rt.jar=63392:C:\Program Files\JetBrains\IntelliJ IDEA Community Edition 2021.3.2\bin -Dfile.encoding=UTF-8 
java_command: MyFrame
java_class_path (initial): C:\Users\Jaime\IdeaProjects\SerialProcessorArduino\target\classes;C:\Users\Jaime\.m2\repository\org\openmuc\jrxtx\1.0.1\jrxtx-1.0.1.jar;C:\Users\Jaime\.m2\repository\com\fazecast\jSerialComm\2.9.1\jSerialComm-2.9.1.jar
Launcher Type: SUN_STANDARD

[Global flags]
     intx CICompilerCount                          = 3                                         {product} {ergonomic}
     uint ConcGCThreads                            = 1                                         {product} {ergonomic}
     uint G1ConcRefinementThreads                  = 4                                         {product} {ergonomic}
   size_t G1HeapRegionSize                         = 1048576                                   {product} {ergonomic}
    uintx GCDrainStackTargetSize                   = 64                                        {product} {ergonomic}
   size_t InitialHeapSize                          = 132120576                                 {product} {ergonomic}
   size_t MarkStackSize                            = 4194304                                   {product} {ergonomic}
   size_t MaxHeapSize                              = 2113929216                                {product} {ergonomic}
   size_t MaxNewSize                               = 1267728384                                {product} {ergonomic}
   size_t MinHeapDeltaBytes                        = 1048576                                   {product} {ergonomic}
    uintx NonNMethodCodeHeapSize                   = 5830732                                {pd product} {ergonomic}
    uintx NonProfiledCodeHeapSize                  = 122913754                              {pd product} {ergonomic}
    uintx ProfiledCodeHeapSize                     = 122913754                              {pd product} {ergonomic}
    uintx ReservedCodeCacheSize                    = 251658240                              {pd product} {ergonomic}
     bool SegmentedCodeCache                       = true                                      {product} {ergonomic}
     bool UseCompressedClassPointers               = true                                 {lp64_product} {ergonomic}
     bool UseCompressedOops                        = true                                 {lp64_product} {ergonomic}
     bool UseG1GC                                  = true                                      {product} {ergonomic}
     bool UseLargePagesIndividualAllocation        = false                                  {pd product} {ergonomic}

Logging:
Log output configuration:
 #0: stdout all=warning uptime,level,tags
 #1: stderr all=off uptime,level,tags

Environment Variables:
JAVA_HOME=C:\Program Files\Java\jdk-11.0.14
PATH=C:\Program Files\Common Files\Oracle\Java\javapath;C:\Program Files\Python38\Scripts\;C:\Program Files\Python38\;C:\Windows\system32;C:\Windows;C:\Windows\System32\Wbem;C:\Windows\System32\WindowsPowerShell\v1.0\;C:\Windows\System32\OpenSSH\;C:\Program Files\Crucial\Crucial Storage Executive;C:\Program Files (x86)\Kaspersky Lab\Kaspersky Endpoint Security for Windows\;C:\Program Files\PuTTY\;C:\Program Files\nodejs\;C:\ProgramData\chocolatey\bin;C:\Program Files\Git\cmd;C:\Windows\SysWOW64;C:\apache-maven-3.8.4\bin;C:\Users\Jaime\AppData\Local\Programs\Python\Python310\Scripts\;C:\Users\Jaime\AppData\Local\Programs\Python\Python310\;C:\Users\Jaime\AppData\Local\Microsoft\WindowsApps;C:\Users\Jaime\AppData\Local\GitHubDesktop\bin;C:\Users\Jaime\AppData\Roaming\npm;C:\Program Files\LLVM\bin;C:\Program Files\Inkscape\bin;C:\Users\Jaime\AppData\Local\Programs\Microsoft VS Code\bin;C:\Program Files\JetBrains\IntelliJ IDEA Community Edition 2021.3.2\bin;
USERNAME=Jaime
OS=Windows_NT
PROCESSOR_IDENTIFIER=Intel64 Family 6 Model 78 Stepping 3, GenuineIntel



---------------  S Y S T E M  ---------------

OS: Windows 10 , 64 bit Build 19041 (10.0.19041.1503)

CPU:total 4 (initial active 4) (2 cores per cpu, 2 threads per core) family 6 model 78 stepping 3 microcode 0xcc, cmov, cx8, fxsr, mmx, sse, sse2, sse3, ssse3, sse4.1, sse4.2, popcnt, avx, avx2, aes, clmul, erms, 3dnowpref, lzcnt, ht, tsc, tscinvbit, bmi1, bmi2, adx, fma

Memory: 4k page, system-wide physical 8056M (2136M free)
TotalPageFile size 14811M (AvailPageFile size 5411M)
current process WorkingSet (physical memory assigned to process): 45M, peak: 45M
current process commit charge ("private bytes"): 202M, peak: 202M

vm_info: Java HotSpot(TM) 64-Bit Server VM (11.0.14+8-LTS-263) for windows-amd64 JRE (11.0.14+8-LTS-263), built on Dec  7 2021 21:53:57 by "mach5one" with MS VC++ 15.9 (VS2017)

END.
